0 info it worked if it ends with ok
1 verbose cli [ '/usr/local/bin/node', '/usr/local/bin/npm', 'install', '-g' ]
2 info using npm@1.4.23
3 info using node@v0.10.31
4 verbose cache add [ '.', null ]
5 verbose cache add name=undefined spec="." args=[".",null]
6 verbose parsed url { protocol: null,
6 verbose parsed url   slashes: null,
6 verbose parsed url   auth: null,
6 verbose parsed url   host: null,
6 verbose parsed url   port: null,
6 verbose parsed url   hostname: null,
6 verbose parsed url   hash: null,
6 verbose parsed url   search: null,
6 verbose parsed url   query: null,
6 verbose parsed url   pathname: '.',
6 verbose parsed url   path: '.',
6 verbose parsed url   href: '.' }
7 silly lockFile 3a52ce78- .
8 verbose lock . /Users/tagon8/.npm/3a52ce78-.lock
9 verbose tar pack [ '/Users/tagon8/.npm/zuera/0.0.4/package.tgz', '.' ]
10 verbose tarball /Users/tagon8/.npm/zuera/0.0.4/package.tgz
11 verbose folder .
12 info prepublish zuera@0.0.4
13 silly lockFile 1f1177db-tar tar://.
14 verbose lock tar://. /Users/tagon8/.npm/1f1177db-tar.lock
15 silly lockFile 89f6f0e8-gon8-npm-zuera-0-0-4-package-tgz tar:///Users/tagon8/.npm/zuera/0.0.4/package.tgz
16 verbose lock tar:///Users/tagon8/.npm/zuera/0.0.4/package.tgz /Users/tagon8/.npm/89f6f0e8-gon8-npm-zuera-0-0-4-package-tgz.lock
17 silly lockFile 1f1177db-tar tar://.
18 silly lockFile 1f1177db-tar tar://.
19 silly lockFile 89f6f0e8-gon8-npm-zuera-0-0-4-package-tgz tar:///Users/tagon8/.npm/zuera/0.0.4/package.tgz
20 silly lockFile 89f6f0e8-gon8-npm-zuera-0-0-4-package-tgz tar:///Users/tagon8/.npm/zuera/0.0.4/package.tgz
21 silly lockFile ad1e5ed3-s-tagon8-npm-zuera-0-0-4-package /Users/tagon8/.npm/zuera/0.0.4/package
22 verbose lock /Users/tagon8/.npm/zuera/0.0.4/package /Users/tagon8/.npm/ad1e5ed3-s-tagon8-npm-zuera-0-0-4-package.lock
23 silly lockFile ad1e5ed3-s-tagon8-npm-zuera-0-0-4-package /Users/tagon8/.npm/zuera/0.0.4/package
24 silly lockFile ad1e5ed3-s-tagon8-npm-zuera-0-0-4-package /Users/tagon8/.npm/zuera/0.0.4/package
25 silly lockFile 3a52ce78- .
26 silly lockFile 3a52ce78- .
27 silly resolved [ { name: 'zuera',
27 silly resolved     version: '0.0.4',
27 silly resolved     description: 'never ends',
27 silly resolved     main: 'zuera.js',
27 silly resolved     preferGlobal: 'true',
27 silly resolved     bin: { zuera: 'zuera.js' },
27 silly resolved     scripts: { test: 'test' },
27 silly resolved     keywords: [ 'zuera' ],
27 silly resolved     author: { name: 'Paulo Pires' },
27 silly resolved     license: 'MIT',
27 silly resolved     dependencies: { commander: '^2.3.0' },
27 silly resolved     gitHead: 'bb9d95028b6a6a3951953febd634850b2ff1a8a5',
27 silly resolved     readme: 'ERROR: No README data found!',
27 silly resolved     _id: 'zuera@0.0.4',
27 silly resolved     _shasum: '63a2dc7cf78d7cce410f100d4d8cf875bf4739e2',
27 silly resolved     _from: '.' } ]
28 info install zuera@0.0.4 into /usr/local/lib
29 info installOne zuera@0.0.4
30 verbose lib/node_modules/zuera unbuild
31 info preuninstall zuera@0.0.4
32 info uninstall zuera@0.0.4
33 verbose true,/usr/local/lib/node_modules,/usr/local/lib/node_modules unbuild zuera@0.0.4
34 verbose /usr/local/bin,[object Object] binRoot
35 info postuninstall zuera@0.0.4
36 verbose tar unpack /Users/tagon8/.npm/zuera/0.0.4/package.tgz
37 silly lockFile 0e3a6aef-usr-local-lib-node-modules-zuera tar:///usr/local/lib/node_modules/zuera
38 verbose lock tar:///usr/local/lib/node_modules/zuera /Users/tagon8/.npm/0e3a6aef-usr-local-lib-node-modules-zuera.lock
39 silly lockFile 89f6f0e8-gon8-npm-zuera-0-0-4-package-tgz tar:///Users/tagon8/.npm/zuera/0.0.4/package.tgz
40 verbose lock tar:///Users/tagon8/.npm/zuera/0.0.4/package.tgz /Users/tagon8/.npm/89f6f0e8-gon8-npm-zuera-0-0-4-package-tgz.lock
41 silly gunzTarPerm modes [ '755', '644' ]
42 silly gunzTarPerm extractEntry package.json
43 silly gunzTarPerm extractEntry .npmignore
44 silly gunzTarPerm extractEntry zuera.js
45 silly gunzTarPerm extractEntry res/quotes.json
46 silly lockFile 0e3a6aef-usr-local-lib-node-modules-zuera tar:///usr/local/lib/node_modules/zuera
47 silly lockFile 0e3a6aef-usr-local-lib-node-modules-zuera tar:///usr/local/lib/node_modules/zuera
48 silly lockFile 89f6f0e8-gon8-npm-zuera-0-0-4-package-tgz tar:///Users/tagon8/.npm/zuera/0.0.4/package.tgz
49 silly lockFile 89f6f0e8-gon8-npm-zuera-0-0-4-package-tgz tar:///Users/tagon8/.npm/zuera/0.0.4/package.tgz
50 info preinstall zuera@0.0.4
51 verbose readDependencies using package.json deps
52 verbose readDependencies using package.json deps
53 verbose cache add [ 'commander@^2.3.0', null ]
54 verbose cache add name=undefined spec="commander@^2.3.0" args=["commander@^2.3.0",null]
55 verbose parsed url { protocol: null,
55 verbose parsed url   slashes: null,
55 verbose parsed url   auth: null,
55 verbose parsed url   host: null,
55 verbose parsed url   port: null,
55 verbose parsed url   hostname: null,
55 verbose parsed url   hash: null,
55 verbose parsed url   search: null,
55 verbose parsed url   query: null,
55 verbose parsed url   pathname: 'commander@^2.3.0',
55 verbose parsed url   path: 'commander@^2.3.0',
55 verbose parsed url   href: 'commander@^2.3.0' }
56 verbose cache add name="commander" spec="^2.3.0" args=["commander","^2.3.0"]
57 verbose parsed url { protocol: null,
57 verbose parsed url   slashes: null,
57 verbose parsed url   auth: null,
57 verbose parsed url   host: null,
57 verbose parsed url   port: null,
57 verbose parsed url   hostname: null,
57 verbose parsed url   hash: null,
57 verbose parsed url   search: null,
57 verbose parsed url   query: null,
57 verbose parsed url   pathname: '^2.3.0',
57 verbose parsed url   path: '^2.3.0',
57 verbose parsed url   href: '^2.3.0' }
58 verbose addNamed [ 'commander', '^2.3.0' ]
59 verbose addNamed [ null, '>=2.3.0-0 <3.0.0-0' ]
60 silly lockFile 7721349b-commander-2-3-0 commander@^2.3.0
61 verbose lock commander@^2.3.0 /Users/tagon8/.npm/7721349b-commander-2-3-0.lock
62 silly addNameRange { name: 'commander',
62 silly addNameRange   range: '>=2.3.0-0 <3.0.0-0',
62 silly addNameRange   hasData: false }
63 verbose request where is /commander
64 verbose request registry http://registry.npmjs.com.br/
65 verbose request id 74e236fda29e2f78
66 verbose url raw /commander
67 verbose url resolving [ 'http://registry.npmjs.com.br/', './commander' ]
68 verbose url resolved http://registry.npmjs.com.br/commander
69 verbose request where is http://registry.npmjs.com.br/commander
70 info trying registry request attempt 1 at 13:13:00
71 http GET http://registry.npmjs.com.br/commander
72 http 200 http://registry.npmjs.com.br/commander
73 silly registry.get cb [ 200,
73 silly registry.get   { 'x-powered-by': 'Express',
73 silly registry.get     'content-type': 'application/json',
73 silly registry.get     'x-mirror-from': 'cache',
73 silly registry.get     date: 'Sun, 24 Aug 2014 16:11:44 GMT',
73 silly registry.get     connection: 'keep-alive',
73 silly registry.get     'transfer-encoding': 'chunked' } ]
74 silly addNameRange number 2 { name: 'commander', range: '>=2.3.0-0 <3.0.0-0', hasData: true }
75 silly addNameRange versions [ 'commander',
75 silly addNameRange   [ '0.0.1',
75 silly addNameRange     '0.0.3',
75 silly addNameRange     '0.0.4',
75 silly addNameRange     '0.0.5',
75 silly addNameRange     '0.1.0',
75 silly addNameRange     '0.2.0',
75 silly addNameRange     '0.2.1',
75 silly addNameRange     '0.3.0',
75 silly addNameRange     '0.3.1',
75 silly addNameRange     '0.3.2',
75 silly addNameRange     '0.3.3',
75 silly addNameRange     '0.4.0',
75 silly addNameRange     '0.4.1',
75 silly addNameRange     '0.4.2',
75 silly addNameRange     '0.4.3',
75 silly addNameRange     '0.5.0',
75 silly addNameRange     '0.5.1',
75 silly addNameRange     '0.6.0',
75 silly addNameRange     '0.6.1',
75 silly addNameRange     '0.5.2',
75 silly addNameRange     '1.0.0',
75 silly addNameRange     '1.0.1',
75 silly addNameRange     '1.0.2',
75 silly addNameRange     '1.0.3',
75 silly addNameRange     '1.0.4',
75 silly addNameRange     '1.0.5',
75 silly addNameRange     '1.1.0',
75 silly addNameRange     '1.1.1',
75 silly addNameRange     '1.2.0',
75 silly addNameRange     '1.3.0',
75 silly addNameRange     '1.3.1',
75 silly addNameRange     '1.3.2',
75 silly addNameRange     '2.0.0',
75 silly addNameRange     '2.1.0',
75 silly addNameRange     '2.2.0',
75 silly addNameRange     '2.3.0' ] ]
76 verbose addNamed [ 'commander', '2.3.0' ]
77 verbose addNamed [ '2.3.0', '2.3.0' ]
78 silly lockFile 14f83df2-commander-2-3-0 commander@2.3.0
79 verbose lock commander@2.3.0 /Users/tagon8/.npm/14f83df2-commander-2-3-0.lock
80 silly lockFile 14f83df2-commander-2-3-0 commander@2.3.0
81 silly lockFile 14f83df2-commander-2-3-0 commander@2.3.0
82 silly lockFile 7721349b-commander-2-3-0 commander@^2.3.0
83 silly lockFile 7721349b-commander-2-3-0 commander@^2.3.0
84 silly resolved [ { name: 'commander',
84 silly resolved     version: '2.3.0',
84 silly resolved     description: 'the complete solution for node.js command-line programs',
84 silly resolved     keywords: [ 'command', 'option', 'parser', 'prompt', 'stdin' ],
84 silly resolved     author: { name: 'TJ Holowaychuk', email: 'tj@vision-media.ca' },
84 silly resolved     repository:
84 silly resolved      { type: 'git',
84 silly resolved        url: 'https://github.com/visionmedia/commander.js.git' },
84 silly resolved     devDependencies: { should: '>= 0.0.1' },
84 silly resolved     scripts: { test: 'make test' },
84 silly resolved     main: 'index',
84 silly resolved     engines: { node: '>= 0.6.x' },
84 silly resolved     files: [ 'index.js' ],
84 silly resolved     gitHead: '7e9f407ec03d4371a478c2fe417db4998ecb6169',
84 silly resolved     bugs: { url: 'https://github.com/visionmedia/commander.js/issues' },
84 silly resolved     homepage: 'https://github.com/visionmedia/commander.js',
84 silly resolved     _id: 'commander@2.3.0',
84 silly resolved     _shasum: 'fd430e889832ec353b9acd1de217c11cb3eef873',
84 silly resolved     _from: 'commander@^2.3.0',
84 silly resolved     _npmVersion: '1.4.21',
84 silly resolved     _npmUser: { name: 'somekittens', email: 'rkoutnik@gmail.com' },
84 silly resolved     maintainers: [ [Object], [Object], [Object], [Object] ],
84 silly resolved     dist:
84 silly resolved      { shasum: 'fd430e889832ec353b9acd1de217c11cb3eef873',
84 silly resolved        tarball: 'http://registry.npmjs.com.br/commander/-/commander-2.3.0.tgz' },
84 silly resolved     directories: {},
84 silly resolved     _resolved: 'http://registry.npmjs.com.br/commander/-/commander-2.3.0.tgz',
84 silly resolved     readme: 'ERROR: No README data found!' } ]
85 info install commander@2.3.0 into /usr/local/lib/node_modules/zuera
86 info installOne commander@2.3.0
87 verbose lib/node_modules/zuera/node_modules/commander unbuild
88 verbose tar unpack /Users/tagon8/.npm/commander/2.3.0/package.tgz
89 silly lockFile 2dccd8c4-les-zuera-node-modules-commander tar:///usr/local/lib/node_modules/zuera/node_modules/commander
90 verbose lock tar:///usr/local/lib/node_modules/zuera/node_modules/commander /Users/tagon8/.npm/2dccd8c4-les-zuera-node-modules-commander.lock
91 silly lockFile 5cc75ff9--npm-commander-2-3-0-package-tgz tar:///Users/tagon8/.npm/commander/2.3.0/package.tgz
92 verbose lock tar:///Users/tagon8/.npm/commander/2.3.0/package.tgz /Users/tagon8/.npm/5cc75ff9--npm-commander-2-3-0-package-tgz.lock
93 silly gunzTarPerm modes [ '755', '644' ]
94 silly gunzTarPerm extractEntry package.json
95 silly gunzTarPerm extractEntry index.js
96 silly gunzTarPerm extractEntry Readme.md
97 silly lockFile 2dccd8c4-les-zuera-node-modules-commander tar:///usr/local/lib/node_modules/zuera/node_modules/commander
98 silly lockFile 2dccd8c4-les-zuera-node-modules-commander tar:///usr/local/lib/node_modules/zuera/node_modules/commander
99 silly lockFile 5cc75ff9--npm-commander-2-3-0-package-tgz tar:///Users/tagon8/.npm/commander/2.3.0/package.tgz
100 silly lockFile 5cc75ff9--npm-commander-2-3-0-package-tgz tar:///Users/tagon8/.npm/commander/2.3.0/package.tgz
101 info preinstall commander@2.3.0
102 verbose readDependencies using package.json deps
103 verbose readDependencies using package.json deps
104 silly resolved []
105 verbose about to build /usr/local/lib/node_modules/zuera/node_modules/commander
106 info build /usr/local/lib/node_modules/zuera/node_modules/commander
107 verbose linkStuff [ true,
107 verbose linkStuff   '/usr/local/lib/node_modules',
107 verbose linkStuff   false,
107 verbose linkStuff   '/usr/local/lib/node_modules/zuera/node_modules' ]
108 info linkStuff commander@2.3.0
109 verbose linkBins commander@2.3.0
110 verbose linkMans commander@2.3.0
111 verbose rebuildBundles commander@2.3.0
112 info install commander@2.3.0
113 info postinstall commander@2.3.0
114 verbose about to build /usr/local/lib/node_modules/zuera
115 info build /usr/local/lib/node_modules/zuera
116 verbose linkStuff [ true,
116 verbose linkStuff   '/usr/local/lib/node_modules',
116 verbose linkStuff   true,
116 verbose linkStuff   '/usr/local/lib/node_modules' ]
117 info linkStuff zuera@0.0.4
118 verbose linkBins zuera@0.0.4
119 verbose link bins [ { zuera: 'zuera.js' }, '/usr/local/bin', true ]
120 verbose linkMans zuera@0.0.4
121 verbose rebuildBundles zuera@0.0.4
122 verbose rebuildBundles [ 'commander' ]
123 info install zuera@0.0.4
124 info postinstall zuera@0.0.4
125 warn unmet dependency /usr/local/lib/node_modules/keybase/node_modules/bitcoyne requires kbpgp@'^0.1.21' but will load
125 warn unmet dependency /usr/local/lib/node_modules/keybase/node_modules/kbpgp,
125 warn unmet dependency which is version 1.0.2
126 error peerinvalid The package n does not satisfy its siblings' peerDependencies requirements!
126 error peerinvalid Peer dotfiles@0.6.1 wants n@~1.1.0
127 error System Darwin 14.0.0
128 error command "/usr/local/bin/node" "/usr/local/bin/npm" "install" "-g"
129 error cwd /Users/tagon8/Workspaces/Hue42/zuera
130 error node -v v0.10.31
131 error npm -v 1.4.23
132 error code EPEERINVALID
133 verbose exit [ 1, true ]
